生成启动时间为 10/27/2014 10:56:16 PM。
     1>项目“I:\python-CPP\spam\spam\spam.vcxproj”在节点 2 上(build 个目标)。
     1>InitializeBuildStatus:
         正在创建“x64\Release\spam.unsuccessfulbuild”，因为已指定“AlwaysCreate”。
       ClCompile:
         d:\Program Files (x86)\Microsoft Visual Studio 10.0\VC\bin\x86_amd64\CL.exe /c /ID:\python\include /Zi /nologo /W3 /WX- /O2 /Oi /GL /D WIN32 /D NDEBUG /D _WINDOWS /D _USRDLL /D SPAM_EXPORTS /D _WINDLL /D _UNICODE /D UNICODE /Gm- /EHsc /MD /GS /Gy /fp:precise /Zc:wchar_t /Zc:forScope /Fo"x64\Release\\" /Fd"x64\Release\vc100.pdb" /Gd /TP /errorReport:prompt spam.cpp
         spam.cpp
       Link:
         d:\Program Files (x86)\Microsoft Visual Studio 10.0\VC\bin\x86_amd64\link.exe /ERRORREPORT:PROMPT /OUT:"I:\python-CPP\spam\x64\Release\spam.pyd" /INCREMENTAL:NO /NOLOGO /LIBPATH:D:\python\libs python27.lib kernel32.lib user32.lib gdi32.lib winspool.lib comdlg32.lib advapi32.lib shell32.lib ole32.lib oleaut32.lib uuid.lib odbc32.lib odbccp32.lib /MANIFEST /ManifestFile:"x64\Release\spam.pyd.intermediate.manifest" /MANIFESTUAC:"level='asInvoker' uiAccess='false'" /DEBUG /PDB:"I:\python-CPP\spam\x64\Release\spam.pdb" /SUBSYSTEM:WINDOWS /OPT:REF /OPT:ICF /LTCG /TLBID:1 /DYNAMICBASE /NXCOMPAT /IMPLIB:"I:\python-CPP\spam\x64\Release\spam.lib" /MACHINE:X64 /DLL x64\Release\spam.obj
            正在创建库 I:\python-CPP\spam\x64\Release\spam.lib 和对象 I:\python-CPP\spam\x64\Release\spam.exp
         正在生成代码
         已完成代码的生成
         spam.vcxproj -> I:\python-CPP\spam\x64\Release\spam.pyd
       Manifest:
         C:\Program Files (x86)\Microsoft SDKs\Windows\v7.0A\bin\mt.exe /nologo /verbose /outputresource:"I:\python-CPP\spam\x64\Release\spam.pyd;#2" /manifest x64\Release\spam.pyd.intermediate.manifest
       FinalizeBuildStatus:
         正在删除文件“x64\Release\spam.unsuccessfulbuild”。
         正在对“x64\Release\spam.lastbuildstate”执行 Touch 任务。
     1>已完成生成项目“I:\python-CPP\spam\spam\spam.vcxproj”(build 个目标)的操作。

生成成功。

已用时间 00:00:01.51
